<?xml version="1.0" encoding="UTF-8"?>
<!-- Generated by org.testng.reporters.JUnitXMLReporter -->
<testsuite hostname="WINDOWS-4ILPKNN" ignored="0" name="Login" tests="5" failures="1" timestamp="2023-04-16T16:29:03 PDT" time="0.131" errors="0">
  <testcase name="@BeforeMethod beforemethod" time="0.0" classname="com.training.testcase.LoginTest">
    <failure type="java.lang.NullPointerException">
      <![CDATA[java.lang.NullPointerException
at com.training.testcase.LoginTest.beforemethod(LoginTest.java:44)
at java.util.ArrayList.forEach(ArrayList.java:1257)
... Removed 31 stack frames]]>
    </failure>
  </testcase> <!-- @BeforeMethod beforemethod -->
  <testcase name="@AfterMethod teardown" time="-1.68168774319E9" classname="com.training.testcase.LoginTest">
    <skipped/>
  </testcase> <!-- @AfterMethod teardown -->
  <testcase name="@BeforeMethod beforemethod" time="-1.681687743191E9" classname="com.training.testcase.LoginTest">
    <skipped/>
  </testcase> <!-- @BeforeMethod beforemethod -->
  <testcase name="@AfterMethod teardown" time="-1.681687743194E9" classname="com.training.testcase.LoginTest">
    <skipped/>
  </testcase> <!-- @AfterMethod teardown -->
  <testcase name="@BeforeMethod beforemethod" time="-1.681687743195E9" classname="com.training.testcase.LoginTest">
    <skipped/>
  </testcase> <!-- @BeforeMethod beforemethod -->
  <testcase name="@AfterMethod teardown" time="-1.681687743197E9" classname="com.training.testcase.LoginTest">
    <skipped/>
  </testcase> <!-- @AfterMethod teardown -->
  <testcase name="@BeforeMethod beforemethod" time="-1.6816877432E9" classname="com.training.testcase.LoginTest">
    <skipped/>
  </testcase> <!-- @BeforeMethod beforemethod -->
  <testcase name="@AfterMethod teardown" time="-1.681687743203E9" classname="com.training.testcase.LoginTest">
    <skipped/>
  </testcase> <!-- @AfterMethod teardown -->
  <testcase name="Forgotpassword" time="0.0" classname="com.training.testcase.LoginTest">
    <skipped/>
  </testcase> <!-- Forgotpassword -->
  <testcase name="Sdfclogin" time="0.0" classname="com.training.testcase.LoginTest">
    <skipped/>
  </testcase> <!-- Sdfclogin -->
  <testcase name="WrongUserandpassword" time="0.0" classname="com.training.testcase.LoginTest">
    <skipped/>
  </testcase> <!-- WrongUserandpassword -->
  <testcase name="login" time="0.0" classname="com.training.testcase.LoginTest">
    <failure type="org.testng.TestNGException" message="
Parameter &amp;apos;username&amp;apos; is required by @Test on method login but has not been marked @Optional or defined
in C:\Users\schou\eclipse-workspace\Testng\testngchrome.xml">
      <![CDATA[org.testng.TestNGException: 
Parameter 'username' is required by @Test on method login but has not been marked @Optional or defined
in C:\Users\schou\eclipse-workspace\Testng\testngchrome.xml
at java.util.ArrayList.forEach(ArrayList.java:1257)
... Removed 26 stack frames]]>
    </failure>
  </testcase> <!-- login -->
  <testcase name="usermenu" time="0.0" classname="com.training.testcase.LoginTest">
    <skipped/>
  </testcase> <!-- usermenu -->
</testsuite> <!-- Login -->
